状态 7 冲突：1 项偏移/归约
状态 25 冲突：2 项偏移/归约
状态 35 冲突：1 项偏移/归约
状态 40 冲突：12 项偏移/归约
状态 59 冲突：1 项偏移/归约
状态 69 冲突：12 项偏移/归约
状态 70 冲突：2 项偏移/归约
状态 90 冲突：2 项偏移/归约


语法

    0 $accept: Program $end

    1 Program: ExtDefList

    2 ExtDefList: ExtDef ExtDefList
    3           | ε

    4 ExtDef: Specifier ExtDecList SEMI
    5       | Specifier SEMI
    6       | Specifier FunDec CompSt
    7       | Specifier ExtDecList
    8       | Specifier
    9       | error SEMI
   10       | Specifier error CompSt

   11 ExtDecList: VarDec
   12           | VarDec COMMA ExtDecList

   13 Specifier: TYPE
   14          | StructSpecifier

   15 StructSpecifier: STRUCT OptTag LC DefList RC
   16                | STRUCT Tag
   17                | STRUCT error RC

   18 OptTag: ID
   19       | ε

   20 Tag: ID

   21 VarDec: ID
   22       | VarDec LB INT RB
   23       | VarDec LB error RB

   24 FunDec: ID LP VarList RP
   25       | ID LP RP
   26       | ID LP error RP

   27 VarList: ParamDec COMMA VarList
   28        | ParamDec

   29 ParamDec: Specifier VarDec

   30 CompSt: LC DefList StmtList RC
   31       | LC DecList StmtList
   32       | error RC

   33 StmtList: Stmt StmtList
   34         | ε

   35 Stmt: Exp SEMI
   36     | CompSt
   37     | RETURN Exp SEMI
   38     | IF LP Exp RP Stmt
   39     | IF LP Exp RP Stmt ELSE Stmt
   40     | WHILE LP Exp RP Stmt
   41     | IF error ELSE
   42     | WHILE error ELSE Stmt
   43     | WHILE error RP
   44     | error SEMI
   45     | Exp
   46     | RETURN Exp
   47     | STAR DIV

   48 DefList: Def DefList
   49        | ε

   50 Def: Specifier DecList SEMI
   51    | Specifier error SEMI
   52    | Specifier DecList
   53    | STAR DIV

   54 DecList: Dec
   55        | Dec COMMA DecList

   56 Dec: VarDec
   57    | VarDec ASSIGNOP Exp

   58 Exp: Exp ASSIGNOP Exp
   59    | Exp AND Exp
   60    | Exp OR Exp
   61    | Exp RELOP Exp
   62    | Exp PLUS Exp
   63    | Exp MINUS Exp
   64    | Exp STAR Exp
   65    | Exp DIV Exp
   66    | LP Exp RP
   67    | MINUS Exp
   68    | NOT Exp
   69    | ID LP Args RP
   70    | ID LP RP
   71    | Exp LB Exp RB
   72    | Exp DOT ID
   73    | ID
   74    | INT
   75    | FLOAT
   76    | error RP
   77    | Exp LB error RB

   78 Args: Exp COMMA Args
   79     | Exp


终结语词，附有它们出现处的规则

    $end (0) 0
    error (256) 9 10 17 23 26 32 41 42 43 44 51 76 77
    INT <type_node> (258) 22 74
    FLOAT <type_node> (259) 75
    ID <type_node> (260) 18 20 21 24 25 26 69 70 72 73
    SEMI <type_node> (261) 4 5 9 35 37 44 50 51
    COMMA <type_node> (262) 12 27 55 78
    ASSIGNOP <type_node> (263) 57 58
    RELOP <type_node> (264) 61
    PLUS <type_node> (265) 62
    MINUS <type_node> (266) 63 67
    STAR <type_node> (267) 47 53 64
    DIV <type_node> (268) 47 53 65
    AND <type_node> (269) 59
    OR <type_node> (270) 60
    DOT <type_node> (271) 72
    NOT <type_node> (272) 68
    TYPE <type_node> (273) 13
    LP <type_node> (274) 24 25 26 38 39 40 66 69 70
    RP <type_node> (275) 24 25 26 38 39 40 43 66 69 70 76
    LB <type_node> (276) 22 23 71 77
    RB <type_node> (277) 22 23 71 77
    LC <type_node> (278) 15 30 31
    RC <type_node> (279) 15 17 30 32
    STRUCT <type_node> (280) 15 16 17
    RETURN <type_node> (281) 37 46
    IF <type_node> (282) 38 39 41
    ELSE <type_node> (283) 39 41 42
    WHILE <type_node> (284) 40 42 43
    LOWER_THAN_ELSE (285)


非终结语词，附有它们出现处的规则

    $accept (31)
        on left: 0
    Program <type_node> (32)
        on left: 1
        on right: 0
    ExtDefList <type_node> (33)
        on left: 2 3
        on right: 1 2
    ExtDef <type_node> (34)
        on left: 4 5 6 7 8 9 10
        on right: 2
    ExtDecList <type_node> (35)
        on left: 11 12
        on right: 4 7 12
    Specifier <type_node> (36)
        on left: 13 14
        on right: 4 5 6 7 8 10 29 50 51 52
    StructSpecifier <type_node> (37)
        on left: 15 16 17
        on right: 14
    OptTag <type_node> (38)
        on left: 18 19
        on right: 15
    Tag <type_node> (39)
        on left: 20
        on right: 16
    VarDec <type_node> (40)
        on left: 21 22 23
        on right: 11 12 22 23 29 56 57
    FunDec <type_node> (41)
        on left: 24 25 26
        on right: 6
    VarList <type_node> (42)
        on left: 27 28
        on right: 24 27
    ParamDec <type_node> (43)
        on left: 29
        on right: 27 28
    CompSt <type_node> (44)
        on left: 30 31 32
        on right: 6 10 36
    StmtList <type_node> (45)
        on left: 33 34
        on right: 30 31 33
    Stmt <type_node> (46)
        on left: 35 36 37 38 39 40 41 42 43 44 45 46 47
        on right: 33 38 39 40 42
    DefList <type_node> (47)
        on left: 48 49
        on right: 15 30 48
    Def <type_node> (48)
        on left: 50 51 52 53
        on right: 48
    DecList <type_node> (49)
        on left: 54 55
        on right: 31 50 52 55
    Dec <type_node> (50)
        on left: 56 57
        on right: 54 55
    Exp <type_node> (51)
        on left: 58 59 60 61 62 63 64 65 66 67 68 69 70 71 72 73 74 75 76 77
        on right: 35 37 38 39 40 45 46 57 58 59 60 61 62 63 64 65 66 67 68 71 72 77 78 79
    Args <type_node> (52)
        on left: 78 79
        on right: 69 78


状态 0

    0 $accept: • Program $end

    error   偏移，并进入状态 1
    TYPE    偏移，并进入状态 2
    STRUCT  偏移，并进入状态 3

    $end  使用规则 3 以归约 (ExtDefList)

    Program          转到状态 4
    ExtDefList       转到状态 5
    ExtDef           转到状态 6
    Specifier        转到状态 7
    StructSpecifier  转到状态 8


状态 1

    9 ExtDef: error • SEMI

    SEMI  偏移，并进入状态 9


状态 2

   13 Specifier: TYPE •

    $default  使用规则 13 以归约 (Specifier)


状态 3

   15 StructSpecifier: STRUCT • OptTag LC DefList RC
   16                | STRUCT • Tag
   17                | STRUCT • error RC

    error  偏移，并进入状态 10
    ID     偏移，并进入状态 11

    LC  使用规则 19 以归约 (OptTag)

    OptTag  转到状态 12
    Tag     转到状态 13


状态 4

    0 $accept: Program • $end

    $end  偏移，并进入状态 14


状态 5

    1 Program: ExtDefList •

    $default  使用规则 1 以归约 (Program)


状态 6

    2 ExtDefList: ExtDef • ExtDefList

    error   偏移，并进入状态 1
    TYPE    偏移，并进入状态 2
    STRUCT  偏移，并进入状态 3

    $end  使用规则 3 以归约 (ExtDefList)

    ExtDefList       转到状态 15
    ExtDef           转到状态 6
    Specifier        转到状态 7
    StructSpecifier  转到状态 8


状态 7

    4 ExtDef: Specifier • ExtDecList SEMI
    5       | Specifier • SEMI
    6       | Specifier • FunDec CompSt
    7       | Specifier • ExtDecList
    8       | Specifier •
   10       | Specifier • error CompSt

    error  偏移，并进入状态 16
    ID     偏移，并进入状态 17
    SEMI   偏移，并进入状态 18

    $end    使用规则 8 以归约 (ExtDef)
    error   [使用规则 8 以归约 (ExtDef)]
    TYPE    使用规则 8 以归约 (ExtDef)
    STRUCT  使用规则 8 以归约 (ExtDef)

    ExtDecList  转到状态 19
    VarDec      转到状态 20
    FunDec      转到状态 21


状态 8

   14 Specifier: StructSpecifier •

    $default  使用规则 14 以归约 (Specifier)


状态 9

    9 ExtDef: error SEMI •

    $default  使用规则 9 以归约 (ExtDef)


状态 10

   17 StructSpecifier: STRUCT error • RC

    RC  偏移，并进入状态 22


状态 11

   18 OptTag: ID •
   20 Tag: ID •

    LC        使用规则 18 以归约 (OptTag)
    $default  使用规则 20 以归约 (Tag)


状态 12

   15 StructSpecifier: STRUCT OptTag • LC DefList RC

    LC  偏移，并进入状态 23


状态 13

   16 StructSpecifier: STRUCT Tag •

    $default  使用规则 16 以归约 (StructSpecifier)


状态 14

    0 $accept: Program $end •

    $default  接受


状态 15

    2 ExtDefList: ExtDef ExtDefList •

    $default  使用规则 2 以归约 (ExtDefList)


状态 16

   10 ExtDef: Specifier error • CompSt

    error  偏移，并进入状态 24
    LC     偏移，并进入状态 25

    CompSt  转到状态 26


状态 17

   21 VarDec: ID •
   24 FunDec: ID • LP VarList RP
   25       | ID • LP RP
   26       | ID • LP error RP

    LP  偏移，并进入状态 27

    $default  使用规则 21 以归约 (VarDec)


状态 18

    5 ExtDef: Specifier SEMI •

    $default  使用规则 5 以归约 (ExtDef)


状态 19

    4 ExtDef: Specifier ExtDecList • SEMI
    7       | Specifier ExtDecList •

    SEMI  偏移，并进入状态 28

    $default  使用规则 7 以归约 (ExtDef)


状态 20

   11 ExtDecList: VarDec •
   12           | VarDec • COMMA ExtDecList
   22 VarDec: VarDec • LB INT RB
   23       | VarDec • LB error RB

    COMMA  偏移，并进入状态 29
    LB     偏移，并进入状态 30

    $default  使用规则 11 以归约 (ExtDecList)


状态 21

    6 ExtDef: Specifier FunDec • CompSt

    error  偏移，并进入状态 24
    LC     偏移，并进入状态 25

    CompSt  转到状态 31


状态 22

   17 StructSpecifier: STRUCT error RC •

    $default  使用规则 17 以归约 (StructSpecifier)


状态 23

   15 StructSpecifier: STRUCT OptTag LC • DefList RC

    STAR    偏移，并进入状态 32
    TYPE    偏移，并进入状态 2
    STRUCT  偏移，并进入状态 3

    $default  使用规则 49 以归约 (DefList)

    Specifier        转到状态 33
    StructSpecifier  转到状态 8
    DefList          转到状态 34
    Def              转到状态 35


状态 24

   32 CompSt: error • RC

    RC  偏移，并进入状态 36


状态 25

   30 CompSt: LC • DefList StmtList RC
   31       | LC • DecList StmtList

    ID      偏移，并进入状态 37
    STAR    偏移，并进入状态 32
    TYPE    偏移，并进入状态 2
    STRUCT  偏移，并进入状态 3

    ID        [使用规则 49 以归约 (DefList)]
    STAR      [使用规则 49 以归约 (DefList)]
    $default  使用规则 49 以归约 (DefList)

    Specifier        转到状态 33
    StructSpecifier  转到状态 8
    VarDec           转到状态 38
    DefList          转到状态 39
    Def              转到状态 35
    DecList          转到状态 40
    Dec              转到状态 41


状态 26

   10 ExtDef: Specifier error CompSt •

    $default  使用规则 10 以归约 (ExtDef)


状态 27

   24 FunDec: ID LP • VarList RP
   25       | ID LP • RP
   26       | ID LP • error RP

    error   偏移，并进入状态 42
    TYPE    偏移，并进入状态 2
    RP      偏移，并进入状态 43
    STRUCT  偏移，并进入状态 3

    Specifier        转到状态 44
    StructSpecifier  转到状态 8
    VarList          转到状态 45
    ParamDec         转到状态 46


状态 28

    4 ExtDef: Specifier ExtDecList SEMI •

    $default  使用规则 4 以归约 (ExtDef)


状态 29

   12 ExtDecList: VarDec COMMA • ExtDecList

    ID  偏移，并进入状态 37

    ExtDecList  转到状态 47
    VarDec      转到状态 20


状态 30

   22 VarDec: VarDec LB • INT RB
   23       | VarDec LB • error RB

    error  偏移，并进入状态 48
    INT    偏移，并进入状态 49


状态 31

    6 ExtDef: Specifier FunDec CompSt •

    $default  使用规则 6 以归约 (ExtDef)


状态 32

   53 Def: STAR • DIV

    DIV  偏移，并进入状态 50


状态 33

   50 Def: Specifier • DecList SEMI
   51    | Specifier • error SEMI
   52    | Specifier • DecList

    error  偏移，并进入状态 51
    ID     偏移，并进入状态 37

    VarDec   转到状态 38
    DecList  转到状态 52
    Dec      转到状态 41


状态 34

   15 StructSpecifier: STRUCT OptTag LC DefList • RC

    RC  偏移，并进入状态 53


状态 35

   48 DefList: Def • DefList

    STAR    偏移，并进入状态 32
    TYPE    偏移，并进入状态 2
    STRUCT  偏移，并进入状态 3

    STAR      [使用规则 49 以归约 (DefList)]
    $default  使用规则 49 以归约 (DefList)

    Specifier        转到状态 33
    StructSpecifier  转到状态 8
    DefList          转到状态 54
    Def              转到状态 35


状态 36

   32 CompSt: error RC •

    $default  使用规则 32 以归约 (CompSt)


状态 37

   21 VarDec: ID •

    $default  使用规则 21 以归约 (VarDec)


状态 38

   22 VarDec: VarDec • LB INT RB
   23       | VarDec • LB error RB
   56 Dec: VarDec •
   57    | VarDec • ASSIGNOP Exp

    ASSIGNOP  偏移，并进入状态 55
    LB        偏移，并进入状态 30

    $default  使用规则 56 以归约 (Dec)


状态 39

   30 CompSt: LC DefList • StmtList RC

    error   偏移，并进入状态 56
    INT     偏移，并进入状态 57
    FLOAT   偏移，并进入状态 58
    ID      偏移，并进入状态 59
    MINUS   偏移，并进入状态 60
    STAR    偏移，并进入状态 61
    NOT     偏移，并进入状态 62
    LP      偏移，并进入状态 63
    LC      偏移，并进入状态 25
    RETURN  偏移，并进入状态 64
    IF      偏移，并进入状态 65
    WHILE   偏移，并进入状态 66

    RC  使用规则 34 以归约 (StmtList)

    CompSt    转到状态 67
    StmtList  转到状态 68
    Stmt      转到状态 69
    Exp       转到状态 70


状态 40

   31 CompSt: LC DecList • StmtList

    error   偏移，并进入状态 56
    INT     偏移，并进入状态 57
    FLOAT   偏移，并进入状态 58
    ID      偏移，并进入状态 59
    MINUS   偏移，并进入状态 60
    STAR    偏移，并进入状态 61
    NOT     偏移，并进入状态 62
    LP      偏移，并进入状态 63
    LC      偏移，并进入状态 25
    RETURN  偏移，并进入状态 64
    IF      偏移，并进入状态 65
    WHILE   偏移，并进入状态 66

    $end    使用规则 34 以归约 (StmtList)
    error   [使用规则 34 以归约 (StmtList)]
    INT     [使用规则 34 以归约 (StmtList)]
    FLOAT   [使用规则 34 以归约 (StmtList)]
    ID      [使用规则 34 以归约 (StmtList)]
    MINUS   [使用规则 34 以归约 (StmtList)]
    STAR    [使用规则 34 以归约 (StmtList)]
    NOT     [使用规则 34 以归约 (StmtList)]
    TYPE    使用规则 34 以归约 (StmtList)
    LP      [使用规则 34 以归约 (StmtList)]
    LC      [使用规则 34 以归约 (StmtList)]
    RC      使用规则 34 以归约 (StmtList)
    STRUCT  使用规则 34 以归约 (StmtList)
    RETURN  [使用规则 34 以归约 (StmtList)]
    IF      [使用规则 34 以归约 (StmtList)]
    ELSE    使用规则 34 以归约 (StmtList)
    WHILE   [使用规则 34 以归约 (StmtList)]

    CompSt    转到状态 67
    StmtList  转到状态 71
    Stmt      转到状态 69
    Exp       转到状态 70


状态 41

   54 DecList: Dec •
   55        | Dec • COMMA DecList

    COMMA  偏移，并进入状态 72

    $default  使用规则 54 以归约 (DecList)


状态 42

   26 FunDec: ID LP error • RP

    RP  偏移，并进入状态 73


状态 43

   25 FunDec: ID LP RP •

    $default  使用规则 25 以归约 (FunDec)


状态 44

   29 ParamDec: Specifier • VarDec

    ID  偏移，并进入状态 37

    VarDec  转到状态 74


状态 45

   24 FunDec: ID LP VarList • RP

    RP  偏移，并进入状态 75


状态 46

   27 VarList: ParamDec • COMMA VarList
   28        | ParamDec •

    COMMA  偏移，并进入状态 76

    $default  使用规则 28 以归约 (VarList)


状态 47

   12 ExtDecList: VarDec COMMA ExtDecList •

    $default  使用规则 12 以归约 (ExtDecList)


状态 48

   23 VarDec: VarDec LB error • RB

    RB  偏移，并进入状态 77


状态 49

   22 VarDec: VarDec LB INT • RB

    RB  偏移，并进入状态 78


状态 50

   53 Def: STAR DIV •

    $default  使用规则 53 以归约 (Def)


状态 51

   51 Def: Specifier error • SEMI

    SEMI  偏移，并进入状态 79


状态 52

   50 Def: Specifier DecList • SEMI
   52    | Specifier DecList •

    SEMI  偏移，并进入状态 80

    $default  使用规则 52 以归约 (Def)


状态 53

   15 StructSpecifier: STRUCT OptTag LC DefList RC •

    $default  使用规则 15 以归约 (StructSpecifier)


状态 54

   48 DefList: Def DefList •

    $default  使用规则 48 以归约 (DefList)


状态 55

   57 Dec: VarDec ASSIGNOP • Exp

    error  偏移，并进入状态 81
    INT    偏移，并进入状态 57
    FLOAT  偏移，并进入状态 58
    ID     偏移，并进入状态 59
    MINUS  偏移，并进入状态 60
    NOT    偏移，并进入状态 62
    LP     偏移，并进入状态 63

    Exp  转到状态 82


状态 56

   32 CompSt: error • RC
   44 Stmt: error • SEMI
   76 Exp: error • RP

    SEMI  偏移，并进入状态 83
    RP    偏移，并进入状态 84
    RC    偏移，并进入状态 36


状态 57

   74 Exp: INT •

    $default  使用规则 74 以归约 (Exp)


状态 58

   75 Exp: FLOAT •

    $default  使用规则 75 以归约 (Exp)


状态 59

   69 Exp: ID • LP Args RP
   70    | ID • LP RP
   73    | ID •

    LP  偏移，并进入状态 85

    LP        [使用规则 73 以归约 (Exp)]
    $default  使用规则 73 以归约 (Exp)


状态 60

   67 Exp: MINUS • Exp

    error  偏移，并进入状态 81
    INT    偏移，并进入状态 57
    FLOAT  偏移，并进入状态 58
    ID     偏移，并进入状态 59
    MINUS  偏移，并进入状态 60
    NOT    偏移，并进入状态 62
    LP     偏移，并进入状态 63

    Exp  转到状态 86


状态 61

   47 Stmt: STAR • DIV

    DIV  偏移，并进入状态 87


状态 62

   68 Exp: NOT • Exp

    error  偏移，并进入状态 81
    INT    偏移，并进入状态 57
    FLOAT  偏移，并进入状态 58
    ID     偏移，并进入状态 59
    MINUS  偏移，并进入状态 60
    NOT    偏移，并进入状态 62
    LP     偏移，并进入状态 63

    Exp  转到状态 88


状态 63

   66 Exp: LP • Exp RP

    error  偏移，并进入状态 81
    INT    偏移，并进入状态 57
    FLOAT  偏移，并进入状态 58
    ID     偏移，并进入状态 59
    MINUS  偏移，并进入状态 60
    NOT    偏移，并进入状态 62
    LP     偏移，并进入状态 63

    Exp  转到状态 89


状态 64

   37 Stmt: RETURN • Exp SEMI
   46     | RETURN • Exp

    error  偏移，并进入状态 81
    INT    偏移，并进入状态 57
    FLOAT  偏移，并进入状态 58
    ID     偏移，并进入状态 59
    MINUS  偏移，并进入状态 60
    NOT    偏移，并进入状态 62
    LP     偏移，并进入状态 63

    Exp  转到状态 90


状态 65

   38 Stmt: IF • LP Exp RP Stmt
   39     | IF • LP Exp RP Stmt ELSE Stmt
   41     | IF • error ELSE

    error  偏移，并进入状态 91
    LP     偏移，并进入状态 92


状态 66

   40 Stmt: WHILE • LP Exp RP Stmt
   42     | WHILE • error ELSE Stmt
   43     | WHILE • error RP

    error  偏移，并进入状态 93
    LP     偏移，并进入状态 94


状态 67

   36 Stmt: CompSt •

    $default  使用规则 36 以归约 (Stmt)


状态 68

   30 CompSt: LC DefList StmtList • RC

    RC  偏移，并进入状态 95


状态 69

   33 StmtList: Stmt • StmtList

    error   偏移，并进入状态 56
    INT     偏移，并进入状态 57
    FLOAT   偏移，并进入状态 58
    ID      偏移，并进入状态 59
    MINUS   偏移，并进入状态 60
    STAR    偏移，并进入状态 61
    NOT     偏移，并进入状态 62
    LP      偏移，并进入状态 63
    LC      偏移，并进入状态 25
    RETURN  偏移，并进入状态 64
    IF      偏移，并进入状态 65
    WHILE   偏移，并进入状态 66

    $end    使用规则 34 以归约 (StmtList)
    error   [使用规则 34 以归约 (StmtList)]
    INT     [使用规则 34 以归约 (StmtList)]
    FLOAT   [使用规则 34 以归约 (StmtList)]
    ID      [使用规则 34 以归约 (StmtList)]
    MINUS   [使用规则 34 以归约 (StmtList)]
    STAR    [使用规则 34 以归约 (StmtList)]
    NOT     [使用规则 34 以归约 (StmtList)]
    TYPE    使用规则 34 以归约 (StmtList)
    LP      [使用规则 34 以归约 (StmtList)]
    LC      [使用规则 34 以归约 (StmtList)]
    RC      使用规则 34 以归约 (StmtList)
    STRUCT  使用规则 34 以归约 (StmtList)
    RETURN  [使用规则 34 以归约 (StmtList)]
    IF      [使用规则 34 以归约 (StmtList)]
    ELSE    使用规则 34 以归约 (StmtList)
    WHILE   [使用规则 34 以归约 (StmtList)]

    CompSt    转到状态 67
    StmtList  转到状态 96
    Stmt      转到状态 69
    Exp       转到状态 70


状态 70

   35 Stmt: Exp • SEMI
   45     | Exp •
   58 Exp: Exp • ASSIGNOP Exp
   59    | Exp • AND Exp
   60    | Exp • OR Exp
   61    | Exp • RELOP Exp
   62    | Exp • PLUS Exp
   63    | Exp • MINUS Exp
   64    | Exp • STAR Exp
   65    | Exp • DIV Exp
   71    | Exp • LB Exp RB
   72    | Exp • DOT ID
   77    | Exp • LB error RB

    SEMI      偏移，并进入状态 97
    ASSIGNOP  偏移，并进入状态 98
    RELOP     偏移，并进入状态 99
    PLUS      偏移，并进入状态 100
    MINUS     偏移，并进入状态 101
    STAR      偏移，并进入状态 102
    DIV       偏移，并进入状态 103
    AND       偏移，并进入状态 104
    OR        偏移，并进入状态 105
    DOT       偏移，并进入状态 106
    LB        偏移，并进入状态 107

    MINUS     [使用规则 45 以归约 (Stmt)]
    STAR      [使用规则 45 以归约 (Stmt)]
    $default  使用规则 45 以归约 (Stmt)


状态 71

   31 CompSt: LC DecList StmtList •

    $default  使用规则 31 以归约 (CompSt)


状态 72

   55 DecList: Dec COMMA • DecList

    ID  偏移，并进入状态 37

    VarDec   转到状态 38
    DecList  转到状态 108
    Dec      转到状态 41


状态 73

   26 FunDec: ID LP error RP •

    $default  使用规则 26 以归约 (FunDec)


状态 74

   22 VarDec: VarDec • LB INT RB
   23       | VarDec • LB error RB
   29 ParamDec: Specifier VarDec •

    LB  偏移，并进入状态 30

    $default  使用规则 29 以归约 (ParamDec)


状态 75

   24 FunDec: ID LP VarList RP •

    $default  使用规则 24 以归约 (FunDec)


状态 76

   27 VarList: ParamDec COMMA • VarList

    TYPE    偏移，并进入状态 2
    STRUCT  偏移，并进入状态 3

    Specifier        转到状态 44
    StructSpecifier  转到状态 8
    VarList          转到状态 109
    ParamDec         转到状态 46


状态 77

   23 VarDec: VarDec LB error RB •

    $default  使用规则 23 以归约 (VarDec)


状态 78

   22 VarDec: VarDec LB INT RB •

    $default  使用规则 22 以归约 (VarDec)


状态 79

   51 Def: Specifier error SEMI •

    $default  使用规则 51 以归约 (Def)


状态 80

   50 Def: Specifier DecList SEMI •

    $default  使用规则 50 以归约 (Def)


状态 81

   76 Exp: error • RP

    RP  偏移，并进入状态 84


状态 82

   57 Dec: VarDec ASSIGNOP Exp •
   58 Exp: Exp • ASSIGNOP Exp
   59    | Exp • AND Exp
   60    | Exp • OR Exp
   61    | Exp • RELOP Exp
   62    | Exp • PLUS Exp
   63    | Exp • MINUS Exp
   64    | Exp • STAR Exp
   65    | Exp • DIV Exp
   71    | Exp • LB Exp RB
   72    | Exp • DOT ID
   77    | Exp • LB error RB

    ASSIGNOP  偏移，并进入状态 98
    RELOP     偏移，并进入状态 99
    PLUS      偏移，并进入状态 100
    MINUS     偏移，并进入状态 101
    STAR      偏移，并进入状态 102
    DIV       偏移，并进入状态 103
    AND       偏移，并进入状态 104
    OR        偏移，并进入状态 105
    DOT       偏移，并进入状态 106
    LB        偏移，并进入状态 107

    $default  使用规则 57 以归约 (Dec)


状态 83

   44 Stmt: error SEMI •

    $default  使用规则 44 以归约 (Stmt)


状态 84

   76 Exp: error RP •

    $default  使用规则 76 以归约 (Exp)


状态 85

   69 Exp: ID LP • Args RP
   70    | ID LP • RP

    error  偏移，并进入状态 81
    INT    偏移，并进入状态 57
    FLOAT  偏移，并进入状态 58
    ID     偏移，并进入状态 59
    MINUS  偏移，并进入状态 60
    NOT    偏移，并进入状态 62
    LP     偏移，并进入状态 63
    RP     偏移，并进入状态 110

    Exp   转到状态 111
    Args  转到状态 112


状态 86

   58 Exp: Exp • ASSIGNOP Exp
   59    | Exp • AND Exp
   60    | Exp • OR Exp
   61    | Exp • RELOP Exp
   62    | Exp • PLUS Exp
   63    | Exp • MINUS Exp
   64    | Exp • STAR Exp
   65    | Exp • DIV Exp
   67    | MINUS Exp •
   71    | Exp • LB Exp RB
   72    | Exp • DOT ID
   77    | Exp • LB error RB

    STAR  偏移，并进入状态 102
    DIV   偏移，并进入状态 103
    DOT   偏移，并进入状态 106
    LB    偏移，并进入状态 107

    $default  使用规则 67 以归约 (Exp)


状态 87

   47 Stmt: STAR DIV •

    $default  使用规则 47 以归约 (Stmt)


状态 88

   58 Exp: Exp • ASSIGNOP Exp
   59    | Exp • AND Exp
   60    | Exp • OR Exp
   61    | Exp • RELOP Exp
   62    | Exp • PLUS Exp
   63    | Exp • MINUS Exp
   64    | Exp • STAR Exp
   65    | Exp • DIV Exp
   68    | NOT Exp •
   71    | Exp • LB Exp RB
   72    | Exp • DOT ID
   77    | Exp • LB error RB

    DOT  偏移，并进入状态 106
    LB   偏移，并进入状态 107

    $default  使用规则 68 以归约 (Exp)


状态 89

   58 Exp: Exp • ASSIGNOP Exp
   59    | Exp • AND Exp
   60    | Exp • OR Exp
   61    | Exp • RELOP Exp
   62    | Exp • PLUS Exp
   63    | Exp • MINUS Exp
   64    | Exp • STAR Exp
   65    | Exp • DIV Exp
   66    | LP Exp • RP
   71    | Exp • LB Exp RB
   72    | Exp • DOT ID
   77    | Exp • LB error RB

    ASSIGNOP  偏移，并进入状态 98
    RELOP     偏移，并进入状态 99
    PLUS      偏移，并进入状态 100
    MINUS     偏移，并进入状态 101
    STAR      偏移，并进入状态 102
    DIV       偏移，并进入状态 103
    AND       偏移，并进入状态 104
    OR        偏移，并进入状态 105
    DOT       偏移，并进入状态 106
    RP        偏移，并进入状态 113
    LB        偏移，并进入状态 107


状态 90

   37 Stmt: RETURN Exp • SEMI
   46     | RETURN Exp •
   58 Exp: Exp • ASSIGNOP Exp
   59    | Exp • AND Exp
   60    | Exp • OR Exp
   61    | Exp • RELOP Exp
   62    | Exp • PLUS Exp
   63    | Exp • MINUS Exp
   64    | Exp • STAR Exp
   65    | Exp • DIV Exp
   71    | Exp • LB Exp RB
   72    | Exp • DOT ID
   77    | Exp • LB error RB

    SEMI      偏移，并进入状态 114
    ASSIGNOP  偏移，并进入状态 98
    RELOP     偏移，并进入状态 99
    PLUS      偏移，并进入状态 100
    MINUS     偏移，并进入状态 101
    STAR      偏移，并进入状态 102
    DIV       偏移，并进入状态 103
    AND       偏移，并进入状态 104
    OR        偏移，并进入状态 105
    DOT       偏移，并进入状态 106
    LB        偏移，并进入状态 107

    MINUS     [使用规则 46 以归约 (Stmt)]
    STAR      [使用规则 46 以归约 (Stmt)]
    $default  使用规则 46 以归约 (Stmt)


状态 91

   41 Stmt: IF error • ELSE

    ELSE  偏移，并进入状态 115


状态 92

   38 Stmt: IF LP • Exp RP Stmt
   39     | IF LP • Exp RP Stmt ELSE Stmt

    error  偏移，并进入状态 81
    INT    偏移，并进入状态 57
    FLOAT  偏移，并进入状态 58
    ID     偏移，并进入状态 59
    MINUS  偏移，并进入状态 60
    NOT    偏移，并进入状态 62
    LP     偏移，并进入状态 63

    Exp  转到状态 116


状态 93

   42 Stmt: WHILE error • ELSE Stmt
   43     | WHILE error • RP

    RP    偏移，并进入状态 117
    ELSE  偏移，并进入状态 118


状态 94

   40 Stmt: WHILE LP • Exp RP Stmt

    error  偏移，并进入状态 81
    INT    偏移，并进入状态 57
    FLOAT  偏移，并进入状态 58
    ID     偏移，并进入状态 59
    MINUS  偏移，并进入状态 60
    NOT    偏移，并进入状态 62
    LP     偏移，并进入状态 63

    Exp  转到状态 119


状态 95

   30 CompSt: LC DefList StmtList RC •

    $default  使用规则 30 以归约 (CompSt)


状态 96

   33 StmtList: Stmt StmtList •

    $default  使用规则 33 以归约 (StmtList)


状态 97

   35 Stmt: Exp SEMI •

    $default  使用规则 35 以归约 (Stmt)


状态 98

   58 Exp: Exp ASSIGNOP • Exp

    error  偏移，并进入状态 81
    INT    偏移，并进入状态 57
    FLOAT  偏移，并进入状态 58
    ID     偏移，并进入状态 59
    MINUS  偏移，并进入状态 60
    NOT    偏移，并进入状态 62
    LP     偏移，并进入状态 63

    Exp  转到状态 120


状态 99

   61 Exp: Exp RELOP • Exp

    error  偏移，并进入状态 81
    INT    偏移，并进入状态 57
    FLOAT  偏移，并进入状态 58
    ID     偏移，并进入状态 59
    MINUS  偏移，并进入状态 60
    NOT    偏移，并进入状态 62
    LP     偏移，并进入状态 63

    Exp  转到状态 121


状态 100

   62 Exp: Exp PLUS • Exp

    error  偏移，并进入状态 81
    INT    偏移，并进入状态 57
    FLOAT  偏移，并进入状态 58
    ID     偏移，并进入状态 59
    MINUS  偏移，并进入状态 60
    NOT    偏移，并进入状态 62
    LP     偏移，并进入状态 63

    Exp  转到状态 122


状态 101

   63 Exp: Exp MINUS • Exp

    error  偏移，并进入状态 81
    INT    偏移，并进入状态 57
    FLOAT  偏移，并进入状态 58
    ID     偏移，并进入状态 59
    MINUS  偏移，并进入状态 60
    NOT    偏移，并进入状态 62
    LP     偏移，并进入状态 63

    Exp  转到状态 123


状态 102

   64 Exp: Exp STAR • Exp

    error  偏移，并进入状态 81
    INT    偏移，并进入状态 57
    FLOAT  偏移，并进入状态 58
    ID     偏移，并进入状态 59
    MINUS  偏移，并进入状态 60
    NOT    偏移，并进入状态 62
    LP     偏移，并进入状态 63

    Exp  转到状态 124


状态 103

   65 Exp: Exp DIV • Exp

    error  偏移，并进入状态 81
    INT    偏移，并进入状态 57
    FLOAT  偏移，并进入状态 58
    ID     偏移，并进入状态 59
    MINUS  偏移，并进入状态 60
    NOT    偏移，并进入状态 62
    LP     偏移，并进入状态 63

    Exp  转到状态 125


状态 104

   59 Exp: Exp AND • Exp

    error  偏移，并进入状态 81
    INT    偏移，并进入状态 57
    FLOAT  偏移，并进入状态 58
    ID     偏移，并进入状态 59
    MINUS  偏移，并进入状态 60
    NOT    偏移，并进入状态 62
    LP     偏移，并进入状态 63

    Exp  转到状态 126


状态 105

   60 Exp: Exp OR • Exp

    error  偏移，并进入状态 81
    INT    偏移，并进入状态 57
    FLOAT  偏移，并进入状态 58
    ID     偏移，并进入状态 59
    MINUS  偏移，并进入状态 60
    NOT    偏移，并进入状态 62
    LP     偏移，并进入状态 63

    Exp  转到状态 127


状态 106

   72 Exp: Exp DOT • ID

    ID  偏移，并进入状态 128


状态 107

   71 Exp: Exp LB • Exp RB
   77    | Exp LB • error RB

    error  偏移，并进入状态 129
    INT    偏移，并进入状态 57
    FLOAT  偏移，并进入状态 58
    ID     偏移，并进入状态 59
    MINUS  偏移，并进入状态 60
    NOT    偏移，并进入状态 62
    LP     偏移，并进入状态 63

    Exp  转到状态 130


状态 108

   55 DecList: Dec COMMA DecList •

    $default  使用规则 55 以归约 (DecList)


状态 109

   27 VarList: ParamDec COMMA VarList •

    $default  使用规则 27 以归约 (VarList)


状态 110

   70 Exp: ID LP RP •

    $default  使用规则 70 以归约 (Exp)


状态 111

   58 Exp: Exp • ASSIGNOP Exp
   59    | Exp • AND Exp
   60    | Exp • OR Exp
   61    | Exp • RELOP Exp
   62    | Exp • PLUS Exp
   63    | Exp • MINUS Exp
   64    | Exp • STAR Exp
   65    | Exp • DIV Exp
   71    | Exp • LB Exp RB
   72    | Exp • DOT ID
   77    | Exp • LB error RB
   78 Args: Exp • COMMA Args
   79     | Exp •

    COMMA     偏移，并进入状态 131
    ASSIGNOP  偏移，并进入状态 98
    RELOP     偏移，并进入状态 99
    PLUS      偏移，并进入状态 100
    MINUS     偏移，并进入状态 101
    STAR      偏移，并进入状态 102
    DIV       偏移，并进入状态 103
    AND       偏移，并进入状态 104
    OR        偏移，并进入状态 105
    DOT       偏移，并进入状态 106
    LB        偏移，并进入状态 107

    $default  使用规则 79 以归约 (Args)


状态 112

   69 Exp: ID LP Args • RP

    RP  偏移，并进入状态 132


状态 113

   66 Exp: LP Exp RP •

    $default  使用规则 66 以归约 (Exp)


状态 114

   37 Stmt: RETURN Exp SEMI •

    $default  使用规则 37 以归约 (Stmt)


状态 115

   41 Stmt: IF error ELSE •

    $default  使用规则 41 以归约 (Stmt)


状态 116

   38 Stmt: IF LP Exp • RP Stmt
   39     | IF LP Exp • RP Stmt ELSE Stmt
   58 Exp: Exp • ASSIGNOP Exp
   59    | Exp • AND Exp
   60    | Exp • OR Exp
   61    | Exp • RELOP Exp
   62    | Exp • PLUS Exp
   63    | Exp • MINUS Exp
   64    | Exp • STAR Exp
   65    | Exp • DIV Exp
   71    | Exp • LB Exp RB
   72    | Exp • DOT ID
   77    | Exp • LB error RB

    ASSIGNOP  偏移，并进入状态 98
    RELOP     偏移，并进入状态 99
    PLUS      偏移，并进入状态 100
    MINUS     偏移，并进入状态 101
    STAR      偏移，并进入状态 102
    DIV       偏移，并进入状态 103
    AND       偏移，并进入状态 104
    OR        偏移，并进入状态 105
    DOT       偏移，并进入状态 106
    RP        偏移，并进入状态 133
    LB        偏移，并进入状态 107


状态 117

   43 Stmt: WHILE error RP •

    $default  使用规则 43 以归约 (Stmt)


状态 118

   42 Stmt: WHILE error ELSE • Stmt

    error   偏移，并进入状态 56
    INT     偏移，并进入状态 57
    FLOAT   偏移，并进入状态 58
    ID      偏移，并进入状态 59
    MINUS   偏移，并进入状态 60
    STAR    偏移，并进入状态 61
    NOT     偏移，并进入状态 62
    LP      偏移，并进入状态 63
    LC      偏移，并进入状态 25
    RETURN  偏移，并进入状态 64
    IF      偏移，并进入状态 65
    WHILE   偏移，并进入状态 66

    CompSt  转到状态 67
    Stmt    转到状态 134
    Exp     转到状态 70


状态 119

   40 Stmt: WHILE LP Exp • RP Stmt
   58 Exp: Exp • ASSIGNOP Exp
   59    | Exp • AND Exp
   60    | Exp • OR Exp
   61    | Exp • RELOP Exp
   62    | Exp • PLUS Exp
   63    | Exp • MINUS Exp
   64    | Exp • STAR Exp
   65    | Exp • DIV Exp
   71    | Exp • LB Exp RB
   72    | Exp • DOT ID
   77    | Exp • LB error RB

    ASSIGNOP  偏移，并进入状态 98
    RELOP     偏移，并进入状态 99
    PLUS      偏移，并进入状态 100
    MINUS     偏移，并进入状态 101
    STAR      偏移，并进入状态 102
    DIV       偏移，并进入状态 103
    AND       偏移，并进入状态 104
    OR        偏移，并进入状态 105
    DOT       偏移，并进入状态 106
    RP        偏移，并进入状态 135
    LB        偏移，并进入状态 107


状态 120

   58 Exp: Exp • ASSIGNOP Exp
   58    | Exp ASSIGNOP Exp •
   59    | Exp • AND Exp
   60    | Exp • OR Exp
   61    | Exp • RELOP Exp
   62    | Exp • PLUS Exp
   63    | Exp • MINUS Exp
   64    | Exp • STAR Exp
   65    | Exp • DIV Exp
   71    | Exp • LB Exp RB
   72    | Exp • DOT ID
   77    | Exp • LB error RB

    ASSIGNOP  偏移，并进入状态 98
    RELOP     偏移，并进入状态 99
    PLUS      偏移，并进入状态 100
    MINUS     偏移，并进入状态 101
    STAR      偏移，并进入状态 102
    DIV       偏移，并进入状态 103
    AND       偏移，并进入状态 104
    OR        偏移，并进入状态 105
    DOT       偏移，并进入状态 106
    LB        偏移，并进入状态 107

    $default  使用规则 58 以归约 (Exp)


状态 121

   58 Exp: Exp • ASSIGNOP Exp
   59    | Exp • AND Exp
   60    | Exp • OR Exp
   61    | Exp • RELOP Exp
   61    | Exp RELOP Exp •
   62    | Exp • PLUS Exp
   63    | Exp • MINUS Exp
   64    | Exp • STAR Exp
   65    | Exp • DIV Exp
   71    | Exp • LB Exp RB
   72    | Exp • DOT ID
   77    | Exp • LB error RB

    PLUS   偏移，并进入状态 100
    MINUS  偏移，并进入状态 101
    STAR   偏移，并进入状态 102
    DIV    偏移，并进入状态 103
    DOT    偏移，并进入状态 106
    LB     偏移，并进入状态 107

    $default  使用规则 61 以归约 (Exp)


状态 122

   58 Exp: Exp • ASSIGNOP Exp
   59    | Exp • AND Exp
   60    | Exp • OR Exp
   61    | Exp • RELOP Exp
   62    | Exp • PLUS Exp
   62    | Exp PLUS Exp •
   63    | Exp • MINUS Exp
   64    | Exp • STAR Exp
   65    | Exp • DIV Exp
   71    | Exp • LB Exp RB
   72    | Exp • DOT ID
   77    | Exp • LB error RB

    STAR  偏移，并进入状态 102
    DIV   偏移，并进入状态 103
    DOT   偏移，并进入状态 106
    LB    偏移，并进入状态 107

    $default  使用规则 62 以归约 (Exp)


状态 123

   58 Exp: Exp • ASSIGNOP Exp
   59    | Exp • AND Exp
   60    | Exp • OR Exp
   61    | Exp • RELOP Exp
   62    | Exp • PLUS Exp
   63    | Exp • MINUS Exp
   63    | Exp MINUS Exp •
   64    | Exp • STAR Exp
   65    | Exp • DIV Exp
   71    | Exp • LB Exp RB
   72    | Exp • DOT ID
   77    | Exp • LB error RB

    STAR  偏移，并进入状态 102
    DIV   偏移，并进入状态 103
    DOT   偏移，并进入状态 106
    LB    偏移，并进入状态 107

    $default  使用规则 63 以归约 (Exp)


状态 124

   58 Exp: Exp • ASSIGNOP Exp
   59    | Exp • AND Exp
   60    | Exp • OR Exp
   61    | Exp • RELOP Exp
   62    | Exp • PLUS Exp
   63    | Exp • MINUS Exp
   64    | Exp • STAR Exp
   64    | Exp STAR Exp •
   65    | Exp • DIV Exp
   71    | Exp • LB Exp RB
   72    | Exp • DOT ID
   77    | Exp • LB error RB

    DOT  偏移，并进入状态 106
    LB   偏移，并进入状态 107

    $default  使用规则 64 以归约 (Exp)


状态 125

   58 Exp: Exp • ASSIGNOP Exp
   59    | Exp • AND Exp
   60    | Exp • OR Exp
   61    | Exp • RELOP Exp
   62    | Exp • PLUS Exp
   63    | Exp • MINUS Exp
   64    | Exp • STAR Exp
   65    | Exp • DIV Exp
   65    | Exp DIV Exp •
   71    | Exp • LB Exp RB
   72    | Exp • DOT ID
   77    | Exp • LB error RB

    DOT  偏移，并进入状态 106
    LB   偏移，并进入状态 107

    $default  使用规则 65 以归约 (Exp)


状态 126

   58 Exp: Exp • ASSIGNOP Exp
   59    | Exp • AND Exp
   59    | Exp AND Exp •
   60    | Exp • OR Exp
   61    | Exp • RELOP Exp
   62    | Exp • PLUS Exp
   63    | Exp • MINUS Exp
   64    | Exp • STAR Exp
   65    | Exp • DIV Exp
   71    | Exp • LB Exp RB
   72    | Exp • DOT ID
   77    | Exp • LB error RB

    RELOP  偏移，并进入状态 99
    PLUS   偏移，并进入状态 100
    MINUS  偏移，并进入状态 101
    STAR   偏移，并进入状态 102
    DIV    偏移，并进入状态 103
    DOT    偏移，并进入状态 106
    LB     偏移，并进入状态 107

    $default  使用规则 59 以归约 (Exp)


状态 127

   58 Exp: Exp • ASSIGNOP Exp
   59    | Exp • AND Exp
   60    | Exp • OR Exp
   60    | Exp OR Exp •
   61    | Exp • RELOP Exp
   62    | Exp • PLUS Exp
   63    | Exp • MINUS Exp
   64    | Exp • STAR Exp
   65    | Exp • DIV Exp
   71    | Exp • LB Exp RB
   72    | Exp • DOT ID
   77    | Exp • LB error RB

    RELOP  偏移，并进入状态 99
    PLUS   偏移，并进入状态 100
    MINUS  偏移，并进入状态 101
    STAR   偏移，并进入状态 102
    DIV    偏移，并进入状态 103
    AND    偏移，并进入状态 104
    DOT    偏移，并进入状态 106
    LB     偏移，并进入状态 107

    $default  使用规则 60 以归约 (Exp)


状态 128

   72 Exp: Exp DOT ID •

    $default  使用规则 72 以归约 (Exp)


状态 129

   76 Exp: error • RP
   77    | Exp LB error • RB

    RP  偏移，并进入状态 84
    RB  偏移，并进入状态 136


状态 130

   58 Exp: Exp • ASSIGNOP Exp
   59    | Exp • AND Exp
   60    | Exp • OR Exp
   61    | Exp • RELOP Exp
   62    | Exp • PLUS Exp
   63    | Exp • MINUS Exp
   64    | Exp • STAR Exp
   65    | Exp • DIV Exp
   71    | Exp • LB Exp RB
   71    | Exp LB Exp • RB
   72    | Exp • DOT ID
   77    | Exp • LB error RB

    ASSIGNOP  偏移，并进入状态 98
    RELOP     偏移，并进入状态 99
    PLUS      偏移，并进入状态 100
    MINUS     偏移，并进入状态 101
    STAR      偏移，并进入状态 102
    DIV       偏移，并进入状态 103
    AND       偏移，并进入状态 104
    OR        偏移，并进入状态 105
    DOT       偏移，并进入状态 106
    LB        偏移，并进入状态 107
    RB        偏移，并进入状态 137


状态 131

   78 Args: Exp COMMA • Args

    error  偏移，并进入状态 81
    INT    偏移，并进入状态 57
    FLOAT  偏移，并进入状态 58
    ID     偏移，并进入状态 59
    MINUS  偏移，并进入状态 60
    NOT    偏移，并进入状态 62
    LP     偏移，并进入状态 63

    Exp   转到状态 111
    Args  转到状态 138


状态 132

   69 Exp: ID LP Args RP •

    $default  使用规则 69 以归约 (Exp)


状态 133

   38 Stmt: IF LP Exp RP • Stmt
   39     | IF LP Exp RP • Stmt ELSE Stmt

    error   偏移，并进入状态 56
    INT     偏移，并进入状态 57
    FLOAT   偏移，并进入状态 58
    ID      偏移，并进入状态 59
    MINUS   偏移，并进入状态 60
    STAR    偏移，并进入状态 61
    NOT     偏移，并进入状态 62
    LP      偏移，并进入状态 63
    LC      偏移，并进入状态 25
    RETURN  偏移，并进入状态 64
    IF      偏移，并进入状态 65
    WHILE   偏移，并进入状态 66

    CompSt  转到状态 67
    Stmt    转到状态 139
    Exp     转到状态 70


状态 134

   42 Stmt: WHILE error ELSE Stmt •

    $default  使用规则 42 以归约 (Stmt)


状态 135

   40 Stmt: WHILE LP Exp RP • Stmt

    error   偏移，并进入状态 56
    INT     偏移，并进入状态 57
    FLOAT   偏移，并进入状态 58
    ID      偏移，并进入状态 59
    MINUS   偏移，并进入状态 60
    STAR    偏移，并进入状态 61
    NOT     偏移，并进入状态 62
    LP      偏移，并进入状态 63
    LC      偏移，并进入状态 25
    RETURN  偏移，并进入状态 64
    IF      偏移，并进入状态 65
    WHILE   偏移，并进入状态 66

    CompSt  转到状态 67
    Stmt    转到状态 140
    Exp     转到状态 70


状态 136

   77 Exp: Exp LB error RB •

    $default  使用规则 77 以归约 (Exp)


状态 137

   71 Exp: Exp LB Exp RB •

    $default  使用规则 71 以归约 (Exp)


状态 138

   78 Args: Exp COMMA Args •

    $default  使用规则 78 以归约 (Args)


状态 139

   38 Stmt: IF LP Exp RP Stmt •
   39     | IF LP Exp RP Stmt • ELSE Stmt

    ELSE  偏移，并进入状态 141

    $default  使用规则 38 以归约 (Stmt)


状态 140

   40 Stmt: WHILE LP Exp RP Stmt •

    $default  使用规则 40 以归约 (Stmt)


状态 141

   39 Stmt: IF LP Exp RP Stmt ELSE • Stmt

    error   偏移，并进入状态 56
    INT     偏移，并进入状态 57
    FLOAT   偏移，并进入状态 58
    ID      偏移，并进入状态 59
    MINUS   偏移，并进入状态 60
    STAR    偏移，并进入状态 61
    NOT     偏移，并进入状态 62
    LP      偏移，并进入状态 63
    LC      偏移，并进入状态 25
    RETURN  偏移，并进入状态 64
    IF      偏移，并进入状态 65
    WHILE   偏移，并进入状态 66

    CompSt  转到状态 67
    Stmt    转到状态 142
    Exp     转到状态 70


状态 142

   39 Stmt: IF LP Exp RP Stmt ELSE Stmt •

    $default  使用规则 39 以归约 (Stmt)
